<?xml version="1.0" encoding="utf-8"?><testsuites><testsuite errors="0" failures="0" hostname="Sylvios-MacBook-Pro.local" name="pytest" skipped="0" tests="4" time="2.782" timestamp="2020-05-16T17:16:27.992424"><testcase classname="test_submit" file="test_submit.py" line="3" name="test_q1" time="0.069"></testcase><testcase classname="test_submit" file="test_submit.py" line="8" name="test_q2" time="0.050"></testcase><testcase classname="test_submit" file="test_submit.py" line="13" name="test_q3" time="0.070"></testcase><testcase classname="test_submit" file="test_submit.py" line="18" name="test_q4" time="0.001"></testcase></testsuite></testsuites>